#
# There is insufficient memory for the Java Runtime Environment to continue.
# Native memory allocation (mmap) failed to map 266338304 bytes. Error detail: G1 virtual space
# Possible reasons:
#   The system is out of physical RAM or swap space
#   This process is running with CompressedOops enabled, and the Java Heap may be blocking the growth of the native heap
# Possible solutions:
#   Reduce memory load on the system
#   Increase physical memory or swap space
#   Check if swap backing store is full
#   Decrease Java heap size (-Xmx/-Xms)
#   Decrease number of Java threads
#   Decrease Java thread stack sizes (-Xss)
#   Set larger code cache with -XX:ReservedCodeCacheSize=
#   JVM is running with Zero Based Compressed Oops mode in which the Java heap is
#     placed in the first 32GB address space. The Java Heap base address is the
#     maximum limit for the native heap growth. Please use -XX:HeapBaseMinAddress
#     to set the Java Heap base and to place the Java Heap above 32GB virtual address.
# This output file may be truncated or incomplete.
#
#  Out of Memory Error (os_windows.cpp:3925), pid=16896, tid=6220
#
# JRE version:  (21.0.8) (build )
# Java VM: OpenJDK 64-Bit Server VM (21.0.8+-14196175-b1038.72, mixed mode, sharing, tiered, compressed oops, compressed class ptrs, g1 gc, windows-amd64)
# No core dump will be written. Minidumps are not enabled by default on client versions of Windows
#

---------------  S U M M A R Y ------------

Command Line: 

Host: AMD Ryzen 5 5500                               , 12 cores, 15G,  Windows 11 , 64 bit Build 26100 (10.0.26100.7705)
Time: Wed Feb 11 11:10:22 2026 Bangladesh Standard Time elapsed time: 0.033401 seconds (0d 0h 0m 0s)

---------------  T H R E A D  ---------------

Current thread (0x000001f2eebd0180):  JavaThread "Unknown thread" [_thread_in_vm, id=6220, stack(0x00000005ddf00000,0x00000005de000000) (1024K)]

Stack: [0x00000005ddf00000,0x00000005de000000]
Native frames: (J=compiled Java code, j=interpreted, Vv=VM code, C=native code)
V  [jvm.dll+0x6d68d9]
V  [jvm.dll+0x866693]
V  [jvm.dll+0x868c4e]
V  [jvm.dll+0x869333]
V  [jvm.dll+0x280566]
V  [jvm.dll+0x6d3195]
V  [jvm.dll+0x6c69ea]
V  [jvm.dll+0x3586db]
V  [jvm.dll+0x360336]
V  [jvm.dll+0x3b23f6]
V  [jvm.dll+0x3b26c8]
V  [jvm.dll+0x32ae6c]
V  [jvm.dll+0x32bb5b]
V  [jvm.dll+0x82e109]
V  [jvm.dll+0x3bf5c8]
V  [jvm.dll+0x817388]
V  [jvm.dll+0x453b6e]
V  [jvm.dll+0x4552d1]
C  [jli.dll+0x52ab]
C  [ucrtbase.dll+0x37b0]
C  [KERNEL32.DLL+0x2e8d7]
C  [ntdll.dll+0x8c40c]


---------------  P R O C E S S  ---------------

Threads class SMR info:
_java_thread_list=0x00007ffb62beb988, length=0, elements={
}

Java Threads: ( => current thread )
Total: 0

Other Threads:
  0x000001f2f106da50 WorkerThread "GC Thread#0"                     [id=14676, stack(0x00000005de000000,0x00000005de100000) (1024K)]
  0x000001f2f107f540 ConcurrentGCThread "G1 Main Marker"            [id=22148, stack(0x00000005de100000,0x00000005de200000) (1024K)]
  0x000001f2f10807e0 WorkerThread "G1 Conc#0"                       [id=11072, stack(0x00000005de200000,0x00000005de300000) (1024K)]

[error occurred during error reporting (printing all threads), id 0xc0000005, EXCEPTION_ACCESS_VIOLATION (0xc0000005) at pc=0x00007ffb623dddd7]
VM state: not at safepoint (not fully initialized)

VM Mutex/Monitor currently owned by a thread:  ([mutex/lock_event])
[0x00007ffb62c586b8] Heap_lock - owner thread: 0x000001f2eebd0180

Heap address: 0x0000000703200000, size: 4046 MB, Compressed Oops mode: Zero based, Oop shift amount: 3

CDS archive(s) mapped at: [0x0000000000000000-0x0000000000000000-0x0000000000000000), size 0, SharedBaseAddress: 0x0000000800000000, ArchiveRelocationMode: 1.
Narrow klass base: 0x0000000000000000, Narrow klass shift: 0, Narrow klass range: 0x0

GC Precious Log:
 CardTable entry size: 512
 Card Set container configuration: InlinePtr #cards 4 size 8 Array Of Cards #cards 16 size 48 Howl #buckets 8 coarsen threshold 3686 Howl Bitmap #cards 512 size 80 coarsen threshold 460 Card regions per heap region 1 cards per card region 4096

Heap:
 garbage-first heap   total 0K, used 0K [0x0000000703200000, 0x0000000800000000)
  region size 2048K, 0 young (0K), 0 survivors (0K)
 Metaspace       used 0K, committed 0K, reserved 0K
  class space    used 0K, committed 0K, reserved 0K

Heap Regions: E=young(eden), S=young(survivor), O=old, HS=humongous(starts), HC=humongous(continues), CS=collection set, F=free, TAMS=top-at-mark-start, PB=parsable bottom

Card table byte_map: [0x000001f2f4eb0000,0x000001f2f56a0000] _byte_map_base: 0x000001f2f1697000

Marking Bits: (CMBitMap*) 0x000001f2f106e150
 Bits: [0x000001f2f56a0000, 0x000001f2f95d8000)

GC Heap History (0 events):
No events

Dll operation events (1 events):
Event: 0.005 Loaded shared library C:\Program Files\Android\Android Studio\jbr\bin\java.dll

Deoptimization events (0 events):
No events

Classes loaded (0 events):
No events

Classes unloaded (0 events):
No events

Classes redefined (0 events):
No events

Internal exceptions (0 events):
No events

ZGC Phase Switch (0 events):
No events

VM Operations (0 events):
No events

Memory protections (0 events):
No events

Nmethod flushes (0 events):
No events

Events (0 events):
No events


Dynamic libraries:
0x00007ff60e220000 - 0x00007ff60e22a000 	C:\Program Files\Android\Android Studio\jbr\bin\java.EXE
0x00007ffc18120000 - 0x00007ffc18388000 	C:\WINDOWS\SYSTEM32\ntdll.dll
0x00007ffc17440000 - 0x00007ffc17509000 	C:\WINDOWS\System32\KERNEL32.DLL
0x00007ffc14cd0000 - 0x00007ffc150c1000 	C:\WINDOWS\System32\KERNELBASE.dll
0x00007ffc15cc0000 - 0x00007ffc15e0b000 	C:\WINDOWS\System32\ucrtbase.dll
0x00007ffbe2e90000 - 0x00007ffbe2eab000 	C:\Program Files\Android\Android Studio\jbr\bin\VCRUNTIME140.dll
0x00007ffbe3060000 - 0x00007ffbe3078000 	C:\Program Files\Android\Android Studio\jbr\bin\jli.dll
0x00007ffc179e0000 - 0x00007ffc17ba6000 	C:\WINDOWS\System32\USER32.dll
0x00007ffbff3f0000 - 0x00007ffbff683000 	C:\WINDOWS\WinSxS\amd64_microsoft.windows.common-controls_6595b64144ccf1df_6.0.26100.7824_none_3e0870b2e3345462\COMCTL32.dll
0x00007ffc14ab0000 - 0x00007ffc14ad7000 	C:\WINDOWS\System32\win32u.dll
0x00007ffc17390000 - 0x00007ffc17439000 	C:\WINDOWS\System32\msvcrt.dll
0x00007ffc17f80000 - 0x00007ffc17fab000 	C:\WINDOWS\System32\GDI32.dll
0x00007ffc14ae0000 - 0x00007ffc14c0b000 	C:\WINDOWS\System32\gdi32full.dll
0x00007ffc14a00000 - 0x00007ffc14aa3000 	C:\WINDOWS\System32\msvcp_win.dll
0x00007ffc17720000 - 0x00007ffc17751000 	C:\WINDOWS\System32\IMM32.DLL
0x00007ffbe2e80000 - 0x00007ffbe2e8c000 	C:\Program Files\Android\Android Studio\jbr\bin\vcruntime140_1.dll
0x00007ffbb4b10000 - 0x00007ffbb4b9d000 	C:\Program Files\Android\Android Studio\jbr\bin\msvcp140.dll
0x00007ffb620a0000 - 0x00007ffb62d36000 	C:\Program Files\Android\Android Studio\jbr\bin\server\jvm.dll
0x00007ffc17920000 - 0x00007ffc179d4000 	C:\WINDOWS\System32\ADVAPI32.dll
0x00007ffc163d0000 - 0x00007ffc16476000 	C:\WINDOWS\System32\sechost.dll
0x00007ffc17fb0000 - 0x00007ffc180c8000 	C:\WINDOWS\System32\RPCRT4.dll
0x00007ffc17f00000 - 0x00007ffc17f74000 	C:\WINDOWS\System32\WS2_32.dll
0x00007ffc14860000 - 0x00007ffc148be000 	C:\WINDOWS\SYSTEM32\POWRPROF.dll
0x00007ffc0ab80000 - 0x00007ffc0abb5000 	C:\WINDOWS\SYSTEM32\WINMM.dll
0x00007ffc07a00000 - 0x00007ffc07a0b000 	C:\WINDOWS\SYSTEM32\VERSION.dll
0x00007ffc14840000 - 0x00007ffc14854000 	C:\WINDOWS\SYSTEM32\UMPDC.dll
0x00007ffc137a0000 - 0x00007ffc137bb000 	C:\WINDOWS\SYSTEM32\kernel.appcore.dll
0x00007ffbde0b0000 - 0x00007ffbde0ba000 	C:\Program Files\Android\Android Studio\jbr\bin\jimage.dll
0x00007ffc09df0000 - 0x00007ffc0a032000 	C:\WINDOWS\SYSTEM32\DBGHELP.DLL
0x00007ffc15f40000 - 0x00007ffc162c6000 	C:\WINDOWS\System32\combase.dll
0x00007ffc17840000 - 0x00007ffc17917000 	C:\WINDOWS\System32\OLEAUT32.dll
0x00007ffbff130000 - 0x00007ffbff16b000 	C:\WINDOWS\SYSTEM32\dbgcore.DLL
0x00007ffc15e10000 - 0x00007ffc15eb5000 	C:\WINDOWS\System32\bcryptPrimitives.dll
0x00007ffbde090000 - 0x00007ffbde0b0000 	C:\Program Files\Android\Android Studio\jbr\bin\java.dll

JVMTI agents: none

dbghelp: loaded successfully - version: 4.0.5 - missing functions: none
symbol engine: initialized successfully - sym options: 0x614 - pdb path: .;C:\Program Files\Android\Android Studio\jbr\bin;C:\WINDOWS\SYSTEM32;C:\WINDOWS\WinSxS\amd64_microsoft.windows.common-controls_6595b64144ccf1df_6.0.26100.7824_none_3e0870b2e3345462;C:\Program Files\Android\Android Studio\jbr\bin\server

VM Arguments:
java_command: <unknown>
java_class_path (initial): <not set>
Launcher Type: SUN_STANDARD

[Global flags]
     intx CICompilerCount                          = 4                                         {product} {ergonomic}
     uint ConcGCThreads                            = 3                                         {product} {ergonomic}
     uint G1ConcRefinementThreads                  = 10                                        {product} {ergonomic}
   size_t G1HeapRegionSize                         = 2097152                                   {product} {ergonomic}
    uintx GCDrainStackTargetSize                   = 64                                        {product} {ergonomic}
   size_t InitialHeapSize                          = 266338304                                 {product} {ergonomic}
   size_t MarkStackSize                            = 4194304                                   {product} {ergonomic}
   size_t MaxHeapSize                              = 4242538496                                {product} {ergonomic}
   size_t MinHeapDeltaBytes                        = 2097152                                   {product} {ergonomic}
   size_t MinHeapSize                              = 8388608                                   {product} {ergonomic}
    uintx NonNMethodCodeHeapSize                   = 5839372                                {pd product} {ergonomic}
    uintx NonProfiledCodeHeapSize                  = 122909434                              {pd product} {ergonomic}
    uintx ProfiledCodeHeapSize                     = 122909434                              {pd product} {ergonomic}
    uintx ReservedCodeCacheSize                    = 251658240                              {pd product} {ergonomic}
     bool SegmentedCodeCache                       = true                                      {product} {ergonomic}
   size_t SoftMaxHeapSize                          = 4242538496                             {manageable} {ergonomic}
     bool UseCompressedOops                        = true                           {product lp64_product} {ergonomic}
     bool UseG1GC                                  = true                                      {product} {ergonomic}
     bool UseLargePagesIndividualAllocation        = false                                  {pd product} {ergonomic}

Logging:
Log output configuration:
 #0: stdout all=warning uptime,level,tags foldmultilines=false
 #1: stderr all=off uptime,level,tags foldmultilines=false

Environment Variables:
JAVA_HOME=C:\Program Files\Java\jdk-17
PATH=E:\programfiles\python\Scripts;C:\curl\curl-8.15.0_4-win64-mingw\bin;C:\xampp\php;C:\ProgramData\ComposerSetup\bin;E:\nodejs\;C:\ProgramData\chocolatey\bin;E:\nodejs;C:\Program Files\dotnet\;C:\Program Files\PostgreSQL\18\bin;C:\Users\highr\AppData\Local\Programs\supabase;C:\Program Files\PowerShell\7\;C:\Users\highr\AppData\Local\Android\Sdk\platform-tools;E:\programfiles\Git\cmd;C:\WINDOWS\system32;C:\WINDOWS;C:\WINDOWS\System32\Wbem;C:\WINDOWS\System32\WindowsPowerShell\v1.0\;C:\Program Files\Git\cmd;G:\flutter\flutter\bin;E:\programfiles\Git\cmd;C:\Windows\System32;C:\Windows;C:\Program Files (x86)\Windows Kits\10\Windows Performance Toolkit\;C:\Program Files\MySQL\MySQL Shell 8.0\bin\;C:\Users\highr\miniconda3;C:\Users\highr\miniconda3\Library\mingw-w64\bin;C:\Users\highr\miniconda3\Library\usr\bin;C:\Users\highr\miniconda3\Library\bin;C:\Users\highr\miniconda3\Scripts;C:\curl\curl-8.15.0_4-win64-mingw\bin;C:\Users\highr\AppData\Local\Programs\Python\Python310\;C:\Users\highr\AppData\Local\Microsoft\WindowsApps;E:\programfiles\Microsoft VS Code\bin;C:\Users\highr\.lmstudio\bin;E:\programfiles\Git\bin;C:\Users\highr\AppData\Roaming\Composer\vendor\bin;C:\Users\highr\AppData\Roaming\npm;G:\flutter\flutter\bin;;C:\tools\dart-sdk\bin;C:\Users\highr\AppData\Local\Pub\Cache\bin
USERNAME=highr
OS=Windows_NT
PROCESSOR_IDENTIFIER=AMD64 Family 25 Model 80 Stepping 0, AuthenticAMD
TMP=C:\Users\highr\AppData\Local\Temp
TEMP=C:\Users\highr\AppData\Local\Temp




Periodic native trim disabled

JNI global refs:
JNI global refs: 0, weak refs: 0

JNI global refs memory usage: 0, weak refs: 0

Process memory usage:
Resident Set Size: 12960K (0% of 16568240K total physical memory with 1498028K free physical memory)

OOME stack traces (most recent first):
Classloader memory used:

---------------  S Y S T E M  ---------------

OS:
 Windows 11 , 64 bit Build 26100 (10.0.26100.7705)
OS uptime: 0 days 5:42 hours

CPU: total 12 (initial active 12) (12 cores per cpu, 2 threads per core) family 25 model 80 stepping 0 microcode 0xa50000d, cx8, cmov, fxsr, ht, mmx, 3dnowpref, sse, sse2, sse3, ssse3, sse4a, sse4.1, sse4.2, popcnt, lzcnt, tsc, tscinvbit, avx, avx2, aes, erms, clmul, bmi1, bmi2, adx, sha, fma, vzeroupper, clflush, clflushopt, rdtscp, rdpid, fsrm, f16c, pku, cet_ss
Processor Information for the first 12 processors :
  Max Mhz: 3600, Current Mhz: 3600, Mhz Limit: 3600

Memory: 4k page, system-wide physical 16179M (1463M free)
TotalPageFile size 26385M (AvailPageFile size 100M)
current process WorkingSet (physical memory assigned to process): 12M, peak: 12M
current process commit charge ("private bytes"): 64M, peak: 318M

vm_info: OpenJDK 64-Bit Server VM (21.0.8+-14196175-b1038.72) for windows-amd64 JRE (21.0.8+-14196175-b1038.72), built on 2025-10-01T10:24:33Z by "builder" with MS VC++ 16.10 / 16.11 (VS2019)

END.
