#
# There is insufficient memory for the Java Runtime Environment to continue.
# Native memory allocation (malloc) failed to allocate 1048576 bytes for AllocateHeap
# Possible reasons:
#   The system is out of physical RAM or swap space
#   The process is running with CompressedOops enabled, and the Java Heap may be blocking the growth of the native heap
# Possible solutions:
#   Reduce memory load on the system
#   Increase physical memory or swap space
#   Check if swap backing store is full
#   Decrease Java heap size (-Xmx/-Xms)
#   Decrease number of Java threads
#   Decrease Java thread stack sizes (-Xss)
#   Set larger code cache with -XX:ReservedCodeCacheSize=
#   JVM is running with Zero Based Compressed Oops mode in which the Java heap is
#     placed in the first 32GB address space. The Java Heap base address is the
#     maximum limit for the native heap growth. Please use -XX:HeapBaseMinAddress
#     to set the Java Heap base and to place the Java Heap above 32GB virtual address.
# This output file may be truncated or incomplete.
#
#  Out of Memory Error (allocation.cpp:44), pid=16184, tid=2584
#
# JRE version:  (17.0.12+8) (build )
# Java VM: Java HotSpot(TM) 64-Bit Server VM (17.0.12+8-LTS-286, mixed mode, sharing, tiered, compressed oops, compressed class ptrs, g1 gc, windows-amd64)
# No core dump will be written. Minidumps are not enabled by default on client versions of Windows
#

---------------  S U M M A R Y ------------

Command Line: -Dorg.gradle.appname=gradlew org.gradle.wrapper.GradleWrapperMain -q -Ptarget-platform=android-arm64 -Ptarget=G:\bkasy\bKash-UI-clone-master\lib\main.dart -Pbase-application-name=android.app.Application -Pdart-defines=RkxVVFRFUl9WRVJTSU9OPTMuMzguOQ==,RkxVVFRFUl9DSEFOTkVMPXN0YWJsZQ==,RkxVVFRFUl9HSVRfVVJMPWh0dHBzOi8vZ2l0aHViLmNvbS9mbHV0dGVyL2ZsdXR0ZXIuZ2l0,RkxVVFRFUl9GUkFNRVdPUktfUkVWSVNJT049NjczMjNkZTI4NQ==,RkxVVFRFUl9FTkdJTkVfUkVWSVNJT049NTg3YzE4Zjg3Mw==,RkxVVFRFUl9EQVJUX1ZFUlNJT049My4xMC44 -Pdart-obfuscation=false -Ptrack-widget-creation=true -Ptree-shake-icons=false -Pfilesystem-scheme=org-dartlang-root assembleDebug

Host: AMD Ryzen 5 5500                               , 12 cores, 15G,  Windows 11 , 64 bit Build 26100 (10.0.26100.7705)
Time: Wed Feb 11 11:10:23 2026 Bangladesh Standard Time elapsed time: 0.129563 seconds (0d 0h 0m 0s)

---------------  T H R E A D  ---------------

Current thread (0x0000023fab7a56e0):  JavaThread "Unknown thread" [_thread_in_vm, id=2584, stack(0x0000005bed400000,0x0000005bed500000)]

Stack: [0x0000005bed400000,0x0000005bed500000]
Native frames: (J=compiled Java code, j=interpreted, Vv=VM code, C=native code)
V  [jvm.dll+0x67a04a]
V  [jvm.dll+0x7da4ed]
V  [jvm.dll+0x7dbe33]
V  [jvm.dll+0x7dc4a3]
V  [jvm.dll+0x24508f]
V  [jvm.dll+0xa5e2b]
V  [jvm.dll+0x2e22de]
V  [jvm.dll+0x2d9fbb]
V  [jvm.dll+0x7aca21]
V  [jvm.dll+0x367591]
V  [jvm.dll+0x78b999]
V  [jvm.dll+0x3ec83f]
V  [jvm.dll+0x3ee471]
C  [jli.dll+0x5297]
C  [ucrtbase.dll+0x37b0]
C  [KERNEL32.DLL+0x2e8d7]
C  [ntdll.dll+0x8c40c]


---------------  P R O C E S S  ---------------

Threads class SMR info:
_java_thread_list=0x00007ffb5d727a18, length=0, elements={
}

Java Threads: ( => current thread )

Other Threads:
  0x0000023fab813840 GCTaskThread "GC Thread#0" [stack: 0x0000005bed500000,0x0000005bed600000] [id=25948]

[error occurred during error reporting (printing all threads), id 0xc0000005, EXCEPTION_ACCESS_VIOLATION (0xc0000005) at pc=0x00007ffb5cf570e0]

VM state: not at safepoint (not fully initialized)

VM Mutex/Monitor currently owned by a thread:  ([mutex/lock_event])
[0x0000023fab7a0760] Heap_lock - owner thread: 0x0000023fab7a56e0

Heap address: 0x0000000703200000, size: 4046 MB, Compressed Oops mode: Zero based, Oop shift amount: 3

CDS archive(s) mapped at: [0x0000000000000000-0x0000000000000000-0x0000000000000000), size 0, SharedBaseAddress: 0x0000000800000000, ArchiveRelocationMode: 1.
Narrow klass base: 0x0000000000000000, Narrow klass shift: 0, Narrow klass range: 0x0

GC Precious Log:
<Empty>

Heap:
 garbage-first heap   total 0K, used 0K [0x0000000703200000, 0x0000000800000000)
  region size 2048K, 0 young (0K), 0 survivors (0K)

[error occurred during error reporting (printing heap information), id 0xc0000005, EXCEPTION_ACCESS_VIOLATION (0xc0000005) at pc=0x00007ffb5d343859]

GC Heap History (0 events):
No events

Deoptimization events (0 events):
No events

Classes unloaded (0 events):
No events

Classes redefined (0 events):
No events

Internal exceptions (0 events):
No events

VM Operations (0 events):
No events

Events (1 events):
Event: 0.105 Loaded shared library E:\downloads\jdk-17.0.12_windows-x64_bin\jdk-17.0.12\bin\java.dll


Dynamic libraries:
0x00007ff674f30000 - 0x00007ff674f40000 	E:\downloads\jdk-17.0.12_windows-x64_bin\jdk-17.0.12\bin\java.exe
0x00007ffc18120000 - 0x00007ffc18388000 	C:\WINDOWS\SYSTEM32\ntdll.dll
0x00007ffc17440000 - 0x00007ffc17509000 	C:\WINDOWS\System32\KERNEL32.DLL
0x00007ffc14cd0000 - 0x00007ffc150c1000 	C:\WINDOWS\System32\KERNELBASE.dll
0x00007ffc15cc0000 - 0x00007ffc15e0b000 	C:\WINDOWS\System32\ucrtbase.dll
0x00007ffbe5af0000 - 0x00007ffbe5b0b000 	E:\downloads\jdk-17.0.12_windows-x64_bin\jdk-17.0.12\bin\VCRUNTIME140.dll
0x00007ffbdf560000 - 0x00007ffbdf579000 	E:\downloads\jdk-17.0.12_windows-x64_bin\jdk-17.0.12\bin\jli.dll
0x00007ffc17920000 - 0x00007ffc179d4000 	C:\WINDOWS\System32\ADVAPI32.dll
0x00007ffc17390000 - 0x00007ffc17439000 	C:\WINDOWS\System32\msvcrt.dll
0x00007ffc163d0000 - 0x00007ffc16476000 	C:\WINDOWS\System32\sechost.dll
0x00007ffc17fb0000 - 0x00007ffc180c8000 	C:\WINDOWS\System32\RPCRT4.dll
0x00007ffc179e0000 - 0x00007ffc17ba6000 	C:\WINDOWS\System32\USER32.dll
0x00007ffc14ab0000 - 0x00007ffc14ad7000 	C:\WINDOWS\System32\win32u.dll
0x00007ffbff3f0000 - 0x00007ffbff683000 	C:\WINDOWS\WinSxS\amd64_microsoft.windows.common-controls_6595b64144ccf1df_6.0.26100.7824_none_3e0870b2e3345462\COMCTL32.dll
0x00007ffc17f80000 - 0x00007ffc17fab000 	C:\WINDOWS\System32\GDI32.dll
0x00007ffc14ae0000 - 0x00007ffc14c0b000 	C:\WINDOWS\System32\gdi32full.dll
0x00007ffc14a00000 - 0x00007ffc14aa3000 	C:\WINDOWS\System32\msvcp_win.dll
0x00007ffc07a00000 - 0x00007ffc07a0b000 	C:\WINDOWS\SYSTEM32\VERSION.dll
0x00007ffc17720000 - 0x00007ffc17751000 	C:\WINDOWS\System32\IMM32.DLL
0x00007ffbf3200000 - 0x00007ffbf320c000 	E:\downloads\jdk-17.0.12_windows-x64_bin\jdk-17.0.12\bin\vcruntime140_1.dll
0x00007ffbb2640000 - 0x00007ffbb26ce000 	E:\downloads\jdk-17.0.12_windows-x64_bin\jdk-17.0.12\bin\msvcp140.dll
0x00007ffb5cc70000 - 0x00007ffb5d850000 	E:\downloads\jdk-17.0.12_windows-x64_bin\jdk-17.0.12\bin\server\jvm.dll
0x00007ffc16540000 - 0x00007ffc16548000 	C:\WINDOWS\System32\PSAPI.DLL
0x00007ffbf3230000 - 0x00007ffbf323a000 	C:\WINDOWS\SYSTEM32\WSOCK32.dll
0x00007ffc0ab80000 - 0x00007ffc0abb5000 	C:\WINDOWS\SYSTEM32\WINMM.dll
0x00007ffc17f00000 - 0x00007ffc17f74000 	C:\WINDOWS\System32\WS2_32.dll
0x00007ffc137a0000 - 0x00007ffc137bb000 	C:\WINDOWS\SYSTEM32\kernel.appcore.dll
0x00007ffbf3160000 - 0x00007ffbf316a000 	E:\downloads\jdk-17.0.12_windows-x64_bin\jdk-17.0.12\bin\jimage.dll
0x00007ffc09df0000 - 0x00007ffc0a032000 	C:\WINDOWS\SYSTEM32\DBGHELP.DLL
0x00007ffc15f40000 - 0x00007ffc162c6000 	C:\WINDOWS\System32\combase.dll
0x00007ffc17840000 - 0x00007ffc17917000 	C:\WINDOWS\System32\OLEAUT32.dll
0x00007ffbff130000 - 0x00007ffbff16b000 	C:\WINDOWS\SYSTEM32\dbgcore.DLL
0x00007ffc15e10000 - 0x00007ffc15eb5000 	C:\WINDOWS\System32\bcryptPrimitives.dll
0x00007ffbe4840000 - 0x00007ffbe4865000 	E:\downloads\jdk-17.0.12_windows-x64_bin\jdk-17.0.12\bin\java.dll

dbghelp: loaded successfully - version: 4.0.5 - missing functions: none
symbol engine: initialized successfully - sym options: 0x614 - pdb path: .;E:\downloads\jdk-17.0.12_windows-x64_bin\jdk-17.0.12\bin;C:\WINDOWS\SYSTEM32;C:\WINDOWS\WinSxS\amd64_microsoft.windows.common-controls_6595b64144ccf1df_6.0.26100.7824_none_3e0870b2e3345462;E:\downloads\jdk-17.0.12_windows-x64_bin\jdk-17.0.12\bin\server

VM Arguments:
jvm_args: -Dorg.gradle.appname=gradlew 
java_command: org.gradle.wrapper.GradleWrapperMain -q -Ptarget-platform=android-arm64 -Ptarget=G:\bkasy\bKash-UI-clone-master\lib\main.dart -Pbase-application-name=android.app.Application -Pdart-defines=RkxVVFRFUl9WRVJTSU9OPTMuMzguOQ==,RkxVVFRFUl9DSEFOTkVMPXN0YWJsZQ==,RkxVVFRFUl9HSVRfVVJMPWh0dHBzOi8vZ2l0aHViLmNvbS9mbHV0dGVyL2ZsdXR0ZXIuZ2l0,RkxVVFRFUl9GUkFNRVdPUktfUkVWSVNJT049NjczMjNkZTI4NQ==,RkxVVFRFUl9FTkdJTkVfUkVWSVNJT049NTg3YzE4Zjg3Mw==,RkxVVFRFUl9EQVJUX1ZFUlNJT049My4xMC44 -Pdart-obfuscation=false -Ptrack-widget-creation=true -Ptree-shake-icons=false -Pfilesystem-scheme=org-dartlang-root assembleDebug
java_class_path (initial): G:\bkasy\bKash-UI-clone-master\android\\gradle\wrapper\gradle-wrapper.jar
Launcher Type: SUN_STANDARD

[Global flags]
     intx CICompilerCount                          = 4                                         {product} {ergonomic}
     uint ConcGCThreads                            = 3                                         {product} {ergonomic}
     uint G1ConcRefinementThreads                  = 10                                        {product} {ergonomic}
   size_t G1HeapRegionSize                         = 2097152                                   {product} {ergonomic}
    uintx GCDrainStackTargetSize                   = 64                                        {product} {ergonomic}
   size_t InitialHeapSize                          = 266338304                                 {product} {ergonomic}
   size_t MarkStackSize                            = 4194304                                   {product} {ergonomic}
   size_t MaxHeapSize                              = 4242538496                                {product} {ergonomic}
   size_t MinHeapDeltaBytes                        = 2097152                                   {product} {ergonomic}
   size_t MinHeapSize                              = 8388608                                   {product} {ergonomic}
    uintx NonNMethodCodeHeapSize                   = 5839372                                {pd product} {ergonomic}
    uintx NonProfiledCodeHeapSize                  = 122909434                              {pd product} {ergonomic}
    uintx ProfiledCodeHeapSize                     = 122909434                              {pd product} {ergonomic}
    uintx ReservedCodeCacheSize                    = 251658240                              {pd product} {ergonomic}
     bool SegmentedCodeCache                       = true                                      {product} {ergonomic}
   size_t SoftMaxHeapSize                          = 4242538496                             {manageable} {ergonomic}
     bool UseCompressedClassPointers               = true                           {product lp64_product} {ergonomic}
     bool UseCompressedOops                        = true                           {product lp64_product} {ergonomic}
     bool UseG1GC                                  = true                                      {product} {ergonomic}
     bool UseLargePagesIndividualAllocation        = false                                  {pd product} {ergonomic}

Logging:
Log output configuration:
 #0: stdout all=warning uptime,level,tags
 #1: stderr all=off uptime,level,tags

Environment Variables:
JAVA_HOME=E:\downloads\jdk-17.0.12_windows-x64_bin\jdk-17.0.12
CLASSPATH=G:\bkasy\bKash-UI-clone-master\android\\gradle\wrapper\gradle-wrapper.jar
PATH=E:\downloads\jdk-17.0.12_windows-x64_bin\jdk-17.0.12\bin;E:\programfiles\python\Scripts;C:\curl\curl-8.15.0_4-win64-mingw\bin;C:\xampp\php;C:\ProgramData\ComposerSetup\bin;E:\nodejs\;C:\ProgramData\chocolatey\bin;E:\nodejs;C:\Program Files\dotnet\;C:\Program Files\PostgreSQL\18\bin;C:\Users\highr\AppData\Local\Programs\supabase;C:\Program Files\PowerShell\7\;C:\Users\highr\AppData\Local\Android\Sdk\platform-tools;E:\programfiles\Git\cmd;C:\WINDOWS\system32;C:\WINDOWS;C:\WINDOWS\System32\Wbem;C:\WINDOWS\System32\WindowsPowerShell\v1.0\;C:\Program Files\Git\cmd;G:\flutter\flutter\bin;E:\programfiles\Git\cmd;C:\Windows\System32;C:\Windows;C:\Program Files (x86)\Windows Kits\10\Windows Performance Toolkit\;C:\Program Files\MySQL\MySQL Shell 8.0\bin\;C:\Users\highr\miniconda3;C:\Users\highr\miniconda3\Library\mingw-w64\bin;C:\Users\highr\miniconda3\Library\usr\bin;C:\Users\highr\miniconda3\Library\bin;C:\Users\highr\miniconda3\Scripts;C:\curl\curl-8.15.0_4-win64-mingw\bin;C:\Users\highr\AppData\Local\Programs\Python\Python310\;C:\Users\highr\AppData\Local\Microsoft\WindowsApps;E:\programfiles\Microsoft VS Code\bin;C:\Users\highr\.lmstudio\bin;E:\programfiles\Git\bin;C:\Users\highr\AppData\Roaming\Composer\vendor\bin;C:\Users\highr\AppData\Roaming\npm;G:\flutter\flutter\bin;;C:\tools\dart-sdk\bin;C:\Users\highr\AppData\Local\Pub\Cache\bin
USERNAME=highr
OS=Windows_NT
PROCESSOR_IDENTIFIER=AMD64 Family 25 Model 80 Stepping 0, AuthenticAMD



---------------  S Y S T E M  ---------------

OS:
 Windows 11 , 64 bit Build 26100 (10.0.26100.7705)
OS uptime: 0 days 5:42 hours

CPU: total 12 (initial active 12) (12 cores per cpu, 2 threads per core) family 25 model 80 stepping 0 microcode 0xa50000d, cx8, cmov, fxsr, ht, mmx, 3dnowpref, sse, sse2, sse3, ssse3, sse4a, sse4.1, sse4.2, popcnt, lzcnt, tsc, tscinvbit, avx, avx2, aes, erms, clmul, bmi1, bmi2, adx, sha, fma, vzeroupper, clflush, clflushopt

Memory: 4k page, system-wide physical 16179M (1374M free)
TotalPageFile size 26385M (AvailPageFile size 2M)
current process WorkingSet (physical memory assigned to process): 12M, peak: 12M
current process commit charge ("private bytes"): 54M, peak: 55M

vm_info: Java HotSpot(TM) 64-Bit Server VM (17.0.12+8-LTS-286) for windows-amd64 JRE (17.0.12+8-LTS-286), built on Jun  5 2024 06:46:59 by "mach5one" with MS VC++ 17.6 (VS2022)

END.
